<?xml version="1.0" encoding="UTF-8"?>
<!-- Generated by org.testng.reporters.JUnitReportReporter -->
<testsuite hostname="Devashishs-MacBook-Pro.local" failures="0" tests="3" name="com.qa.hubspot.tests.LoginPageTest" time="10.111" errors="0" timestamp="01 Jun 2020 13:53:16 GMT" skipped="0">
  <testcase classname="com.qa.hubspot.tests.LoginPageTest" name="verifySignUpLinkTest" time="9.132"/>
  <testcase classname="com.qa.hubspot.tests.LoginPageTest" name="verifyLoginPageTitleTest" time="0.025"/>
  <testcase classname="com.qa.hubspot.tests.LoginPageTest" name="loginTest" time="0.954"/>
</testsuite> <!-- com.qa.hubspot.tests.LoginPageTest -->
