<?xml version="1.0" encoding="UTF-8"?>
<!-- Generated by org.testng.reporters.JUnitReportReporter -->
<testsuite hostname="Devashishs-MacBook-Pro.local" failures="0" tests="3" name="com.qa.hubspot.tests.LoginPageTest" time="10.688" errors="0" timestamp="12 Jun 2020 07:49:37 GMT" skipped="0">
  <testcase classname="com.qa.hubspot.tests.LoginPageTest" name="verifySignUpLinkTest" time="8.179"/>
  <testcase classname="com.qa.hubspot.tests.LoginPageTest" name="verifyLoginPageTitleTest" time="0.093"/>
  <testcase classname="com.qa.hubspot.tests.LoginPageTest" name="loginTest" time="2.416"/>
</testsuite> <!-- com.qa.hubspot.tests.LoginPageTest -->
