<?xml version="1.0" encoding="UTF-8"?>
<!-- Generated by org.testng.reporters.JUnitReportReporter -->
<testsuite hostname="Devashishs-MacBook-Pro.local" failures="0" tests="3" name="com.qa.hubspot.tests.LoginPageTest" time="6.307" errors="0" timestamp="06 Jun 2020 19:12:29 GMT" skipped="0">
  <testcase classname="com.qa.hubspot.tests.LoginPageTest" name="verifySignUpLinkTest" time="5.169"/>
  <testcase classname="com.qa.hubspot.tests.LoginPageTest" name="verifyLoginPageTitleTest" time="0.030"/>
  <testcase classname="com.qa.hubspot.tests.LoginPageTest" name="loginTest" time="1.108"/>
</testsuite> <!-- com.qa.hubspot.tests.LoginPageTest -->
