<?xml version="1.0" encoding="UTF-8"?>
<!-- Generated by org.testng.reporters.JUnitReportReporter -->
<testsuite hostname="Devashishs-MacBook-Pro.local" failures="0" tests="3" name="com.qa.hubspot.tests.LoginPageTest" time="6.606" errors="0" timestamp="04 Jun 2020 18:00:23 GMT" skipped="0">
  <testcase classname="com.qa.hubspot.tests.LoginPageTest" name="verifySignUpLinkTest" time="5.383"/>
  <testcase classname="com.qa.hubspot.tests.LoginPageTest" name="verifyLoginPageTitleTest" time="0.076"/>
  <testcase classname="com.qa.hubspot.tests.LoginPageTest" name="loginTest" time="1.147"/>
</testsuite> <!-- com.qa.hubspot.tests.LoginPageTest -->
