<?xml version="1.0" encoding="UTF-8"?>
<!-- Generated by org.testng.reporters.JUnitReportReporter -->
<testsuite hostname="Devashishs-MacBook-Pro.local" failures="0" tests="3" name="com.qa.hubspot.tests.LoginPageTest" time="6.474" errors="0" timestamp="04 Jun 2020 08:17:53 GMT" skipped="0">
  <testcase classname="com.qa.hubspot.tests.LoginPageTest" name="verifySignUpLinkTest" time="5.300"/>
  <testcase classname="com.qa.hubspot.tests.LoginPageTest" name="verifyLoginPageTitleTest" time="0.035"/>
  <testcase classname="com.qa.hubspot.tests.LoginPageTest" name="loginTest" time="1.139"/>
</testsuite> <!-- com.qa.hubspot.tests.LoginPageTest -->
