<?xml version="1.0" encoding="UTF-8"?>
<!-- Generated by org.testng.reporters.JUnitReportReporter -->
<testsuite hostname="Devashishs-MacBook-Pro.local" failures="0" tests="5" name="com.qa.hubspot.tests.ContactsPageTest" time="126.192" errors="0" timestamp="02 Jun 2020 07:10:28 GMT" skipped="1">
  <testcase classname="com.qa.hubspot.tests.ContactsPageTest" name="createContactTest" time="30.411"/>
  <testcase classname="com.qa.hubspot.tests.ContactsPageTest" name="createContactTest" time="34.188"/>
  <testcase classname="com.qa.hubspot.tests.ContactsPageTest" name="createContactTest" time="30.532"/>
  <testcase classname="com.qa.hubspot.tests.ContactsPageTest" name="createContactTest" time="31.061"/>
  <testcase classname="com.qa.hubspot.tests.ContactsPageTest" name="verifyContactsPageHeader">
    <skipped/>
  </testcase> <!-- verifyContactsPageHeader -->
</testsuite> <!-- com.qa.hubspot.tests.ContactsPageTest -->
