<?xml version="1.0" encoding="UTF-8"?>
<!-- Generated by org.testng.reporters.JUnitReportReporter -->
<testsuite hostname="Devashishs-MacBook-Pro.local" failures="0" tests="3" name="com.qa.hubspot.tests.LoginPageTest" time="11.458" errors="0" timestamp="26 May 2020 11:54:09 GMT" skipped="0">
  <testcase classname="com.qa.hubspot.tests.LoginPageTest" name="verifySignUpLinkTest" time="10.412"/>
  <testcase classname="com.qa.hubspot.tests.LoginPageTest" name="verifyLoginPageTitleTest" time="0.019"/>
  <testcase classname="com.qa.hubspot.tests.LoginPageTest" name="loginTest" time="1.027"/>
</testsuite> <!-- com.qa.hubspot.tests.LoginPageTest -->
