<?xml version="1.0" encoding="UTF-8"?>
<!-- Generated by org.testng.reporters.JUnitReportReporter -->
<testsuite hostname="Devashishs-MacBook-Pro.local" failures="0" tests="3" name="com.qa.hubspot.tests.LoginPageTest" time="9.040" errors="0" timestamp="11 Jun 2020 19:02:05 GMT" skipped="0">
  <testcase classname="com.qa.hubspot.tests.LoginPageTest" name="verifySignUpLinkTest" time="6.514"/>
  <testcase classname="com.qa.hubspot.tests.LoginPageTest" name="verifyLoginPageTitleTest" time="0.152"/>
  <testcase classname="com.qa.hubspot.tests.LoginPageTest" name="loginTest" time="2.374"/>
</testsuite> <!-- com.qa.hubspot.tests.LoginPageTest -->
