<?xml version="1.0" encoding="UTF-8"?>
<!-- Generated by org.testng.reporters.JUnitReportReporter -->
<testsuite hostname="Devashishs-MacBook-Pro.local" failures="0" tests="3" name="com.qa.hubspot.tests.HomePageTest" time="5.953" errors="0" timestamp="01 Jun 2020 14:03:26 GMT" skipped="1">
  <testcase classname="com.qa.hubspot.tests.HomePageTest" name="verifyHomePageHeader" time="5.920"/>
  <testcase classname="com.qa.hubspot.tests.HomePageTest" name="verifyHomePageTitle" time="0.033"/>
  <testcase classname="com.qa.hubspot.tests.HomePageTest" name="verifyLoggedInUserTest">
    <skipped/>
  </testcase> <!-- verifyLoggedInUserTest -->
</testsuite> <!-- com.qa.hubspot.tests.HomePageTest -->
